
  .   ____          _            __ _ _
 /\\ / ___'_ __ _ _(_)_ __  __ _ \ \ \ \
( ( )\___ | '_ | '_| | '_ \/ _` | \ \ \ \
 \\/  ___)| |_)| | | | | || (_| |  ) ) ) )
  '  |____| .__|_| |_|_| |_\__, | / / / /
 =========|_|==============|___/=/_/_/_/

 :: Spring Boot ::                (v3.5.7)

2026-04-03T10:08:59.229Z  INFO 2268 --- [           main] com.raftviz.RaftViz.RaftVizApplication   : Starting RaftVizApplication v0.0.1-SNAPSHOT using Java 21.0.9 with PID 2268 (/mnt/c/Users/Jai/Desktop/Raftviz/target/RaftViz-0.0.1-SNAPSHOT.jar started by jai in /mnt/c/Users/Jai/Desktop/Raftviz)
2026-04-03T10:08:59.238Z  INFO 2268 --- [           main] com.raftviz.RaftViz.RaftVizApplication   : No active profile set, falling back to 1 default profile: "default"
2026-04-03T10:09:04.015Z  INFO 2268 --- [           main] o.s.b.w.embedded.tomcat.TomcatWebServer  : Tomcat initialized with port 8083 (http)
2026-04-03T10:09:04.043Z  INFO 2268 --- [           main] o.apache.catalina.core.StandardService   : Starting service [Tomcat]
2026-04-03T10:09:04.044Z  INFO 2268 --- [           main] o.apache.catalina.core.StandardEngine    : Starting Servlet engine: [Apache Tomcat/10.1.48]
2026-04-03T10:09:04.121Z  INFO 2268 --- [           main] o.a.c.c.C.[Tomcat].[localhost].[/]       : Initializing Spring embedded WebApplicationContext
2026-04-03T10:09:04.123Z  INFO 2268 --- [           main] w.s.c.ServletWebServerApplicationContext : Root WebApplicationContext: initialization completed in 4644 ms
2026-04-03T10:09:05.189Z  INFO 2268 --- [           main] o.s.b.a.w.s.WelcomePageHandlerMapping    : Adding welcome page: class path resource [static/index.html]
2026-04-03T10:09:06.259Z  INFO 2268 --- [           main] o.s.b.a.e.web.EndpointLinksResolver      : Exposing 2 endpoints beneath base path '/actuator'
2026-04-03T10:09:06.355Z  INFO 2268 --- [           main] o.s.b.w.embedded.tomcat.TomcatWebServer  : Tomcat started on port 8083 (http) with context path '/'
2026-04-03T10:09:06.374Z  INFO 2268 --- [           main] com.raftviz.RaftViz.RaftVizApplication   : Started RaftVizApplication in 8.719 seconds (process running for 10.132)
2026-04-03T10:09:06.650Z  INFO 2268 --- [nio-8083-exec-1] o.a.c.c.C.[Tomcat].[localhost].[/]       : Initializing Spring DispatcherServlet 'dispatcherServlet'
2026-04-03T10:09:06.651Z  INFO 2268 --- [nio-8083-exec-1] o.s.web.servlet.DispatcherServlet        : Initializing Servlet 'dispatcherServlet'
2026-04-03T10:09:06.657Z  INFO 2268 --- [nio-8083-exec-1] o.s.web.servlet.DispatcherServlet        : Completed initialization in 5 ms
2026-04-03T10:16:35.290Z  INFO 2268 --- [ionShutdownHook] o.s.b.w.e.tomcat.GracefulShutdown        : Commencing graceful shutdown. Waiting for active requests to complete
2026-04-03T10:16:35.309Z  INFO 2268 --- [tomcat-shutdown] o.s.b.w.e.tomcat.GracefulShutdown        : Graceful shutdown complete
