
  .   ____          _            __ _ _
 /\\ / ___'_ __ _ _(_)_ __  __ _ \ \ \ \
( ( )\___ | '_ | '_| | '_ \/ _` | \ \ \ \
 \\/  ___)| |_)| | | | | || (_| |  ) ) ) )
  '  |____| .__|_| |_|_| |_\__, | / / / /
 =========|_|==============|___/=/_/_/_/

 :: Spring Boot ::                (v3.5.7)

2026-04-03T10:08:38.021Z  INFO 2128 --- [           main] com.raftviz.RaftViz.RaftVizApplication   : Starting RaftVizApplication v0.0.1-SNAPSHOT using Java 21.0.9 with PID 2128 (/mnt/c/Users/Jai/Desktop/Raftviz/target/RaftViz-0.0.1-SNAPSHOT.jar started by jai in /mnt/c/Users/Jai/Desktop/Raftviz)
2026-04-03T10:08:38.037Z  INFO 2128 --- [           main] com.raftviz.RaftViz.RaftVizApplication   : No active profile set, falling back to 1 default profile: "default"
2026-04-03T10:08:45.718Z  INFO 2128 --- [           main] o.s.b.w.embedded.tomcat.TomcatWebServer  : Tomcat initialized with port 8082 (http)
2026-04-03T10:08:45.780Z  INFO 2128 --- [           main] o.apache.catalina.core.StandardService   : Starting service [Tomcat]
2026-04-03T10:08:45.781Z  INFO 2128 --- [           main] o.apache.catalina.core.StandardEngine    : Starting Servlet engine: [Apache Tomcat/10.1.48]
2026-04-03T10:08:45.912Z  INFO 2128 --- [           main] o.a.c.c.C.[Tomcat].[localhost].[/]       : Initializing Spring embedded WebApplicationContext
2026-04-03T10:08:45.914Z  INFO 2128 --- [           main] w.s.c.ServletWebServerApplicationContext : Root WebApplicationContext: initialization completed in 7537 ms
2026-04-03T10:08:47.884Z  INFO 2128 --- [           main] o.s.b.a.w.s.WelcomePageHandlerMapping    : Adding welcome page: class path resource [static/index.html]
2026-04-03T10:08:48.624Z  INFO 2128 --- [           main] o.s.b.a.e.web.EndpointLinksResolver      : Exposing 2 endpoints beneath base path '/actuator'
2026-04-03T10:08:48.915Z  INFO 2128 --- [           main] o.s.b.w.embedded.tomcat.TomcatWebServer  : Tomcat started on port 8082 (http) with context path '/'
2026-04-03T10:08:48.970Z  INFO 2128 --- [           main] com.raftviz.RaftViz.RaftVizApplication   : Started RaftVizApplication in 14.848 seconds (process running for 19.569)
2026-04-03T10:08:49.956Z  INFO 2128 --- [nio-8082-exec-1] o.a.c.c.C.[Tomcat].[localhost].[/]       : Initializing Spring DispatcherServlet 'dispatcherServlet'
2026-04-03T10:08:49.957Z  INFO 2128 --- [nio-8082-exec-1] o.s.web.servlet.DispatcherServlet        : Initializing Servlet 'dispatcherServlet'
2026-04-03T10:08:49.959Z  INFO 2128 --- [nio-8082-exec-1] o.s.web.servlet.DispatcherServlet        : Completed initialization in 1 ms
2026-04-03T10:16:35.302Z  INFO 2128 --- [ionShutdownHook] o.s.b.w.e.tomcat.GracefulShutdown        : Commencing graceful shutdown. Waiting for active requests to complete
2026-04-03T10:16:35.327Z  INFO 2128 --- [tomcat-shutdown] o.s.b.w.e.tomcat.GracefulShutdown        : Graceful shutdown complete
