
  .   ____          _            __ _ _
 /\\ / ___'_ __ _ _(_)_ __  __ _ \ \ \ \
( ( )\___ | '_ | '_| | '_ \/ _` | \ \ \ \
 \\/  ___)| |_)| | | | | || (_| |  ) ) ) )
  '  |____| .__|_| |_|_| |_\__, | / / / /
 =========|_|==============|___/=/_/_/_/

 :: Spring Boot ::                (v3.5.7)

2026-04-03T10:08:02.341Z  INFO 1874 --- [           main] com.raftviz.RaftViz.RaftVizApplication   : Starting RaftVizApplication v0.0.1-SNAPSHOT using Java 21.0.9 with PID 1874 (/mnt/c/Users/Jai/Desktop/Raftviz/target/RaftViz-0.0.1-SNAPSHOT.jar started by jai in /mnt/c/Users/Jai/Desktop/Raftviz)
2026-04-03T10:08:02.351Z  INFO 1874 --- [           main] com.raftviz.RaftViz.RaftVizApplication   : No active profile set, falling back to 1 default profile: "default"
2026-04-03T10:08:11.220Z  INFO 1874 --- [           main] o.s.b.w.embedded.tomcat.TomcatWebServer  : Tomcat initialized with port 8080 (http)
2026-04-03T10:08:11.282Z  INFO 1874 --- [           main] o.apache.catalina.core.StandardService   : Starting service [Tomcat]
2026-04-03T10:08:11.284Z  INFO 1874 --- [           main] o.apache.catalina.core.StandardEngine    : Starting Servlet engine: [Apache Tomcat/10.1.48]
2026-04-03T10:08:11.447Z  INFO 1874 --- [           main] o.a.c.c.C.[Tomcat].[localhost].[/]       : Initializing Spring embedded WebApplicationContext
2026-04-03T10:08:11.450Z  INFO 1874 --- [           main] w.s.c.ServletWebServerApplicationContext : Root WebApplicationContext: initialization completed in 8863 ms
2026-04-03T10:08:13.256Z  INFO 1874 --- [           main] o.s.b.a.w.s.WelcomePageHandlerMapping    : Adding welcome page: class path resource [static/index.html]
2026-04-03T10:08:15.242Z  INFO 1874 --- [           main] o.s.b.a.e.web.EndpointLinksResolver      : Exposing 2 endpoints beneath base path '/actuator'
2026-04-03T10:08:15.392Z  INFO 1874 --- [           main] o.s.b.w.embedded.tomcat.TomcatWebServer  : Tomcat started on port 8080 (http) with context path '/'
2026-04-03T10:08:15.423Z  INFO 1874 --- [           main] com.raftviz.RaftViz.RaftVizApplication   : Started RaftVizApplication in 15.892 seconds (process running for 18.294)
2026-04-03T10:08:15.787Z  INFO 1874 --- [nio-8080-exec-1] o.a.c.c.C.[Tomcat].[localhost].[/]       : Initializing Spring DispatcherServlet 'dispatcherServlet'
2026-04-03T10:08:15.788Z  INFO 1874 --- [nio-8080-exec-1] o.s.web.servlet.DispatcherServlet        : Initializing Servlet 'dispatcherServlet'
2026-04-03T10:08:15.790Z  INFO 1874 --- [nio-8080-exec-1] o.s.web.servlet.DispatcherServlet        : Completed initialization in 1 ms
2026-04-03T10:16:35.312Z  INFO 1874 --- [ionShutdownHook] o.s.b.w.e.tomcat.GracefulShutdown        : Commencing graceful shutdown. Waiting for active requests to complete
2026-04-03T10:16:35.343Z  INFO 1874 --- [tomcat-shutdown] o.s.b.w.e.tomcat.GracefulShutdown        : Graceful shutdown complete
