
  .   ____          _            __ _ _
 /\\ / ___'_ __ _ _(_)_ __  __ _ \ \ \ \
( ( )\___ | '_ | '_| | '_ \/ _` | \ \ \ \
 \\/  ___)| |_)| | | | | || (_| |  ) ) ) )
  '  |____| .__|_| |_|_| |_\__, | / / / /
 =========|_|==============|___/=/_/_/_/

 :: Spring Boot ::                (v3.5.7)

2026-04-03T10:08:18.614Z  INFO 1999 --- [           main] com.raftviz.RaftViz.RaftVizApplication   : Starting RaftVizApplication v0.0.1-SNAPSHOT using Java 21.0.9 with PID 1999 (/mnt/c/Users/Jai/Desktop/Raftviz/target/RaftViz-0.0.1-SNAPSHOT.jar started by jai in /mnt/c/Users/Jai/Desktop/Raftviz)
2026-04-03T10:08:18.631Z  INFO 1999 --- [           main] com.raftviz.RaftViz.RaftVizApplication   : No active profile set, falling back to 1 default profile: "default"
2026-04-03T10:08:26.056Z  INFO 1999 --- [           main] o.s.b.w.embedded.tomcat.TomcatWebServer  : Tomcat initialized with port 8081 (http)
2026-04-03T10:08:26.082Z  INFO 1999 --- [           main] o.apache.catalina.core.StandardService   : Starting service [Tomcat]
2026-04-03T10:08:26.083Z  INFO 1999 --- [           main] o.apache.catalina.core.StandardEngine    : Starting Servlet engine: [Apache Tomcat/10.1.48]
2026-04-03T10:08:26.172Z  INFO 1999 --- [           main] o.a.c.c.C.[Tomcat].[localhost].[/]       : Initializing Spring embedded WebApplicationContext
2026-04-03T10:08:26.174Z  INFO 1999 --- [           main] w.s.c.ServletWebServerApplicationContext : Root WebApplicationContext: initialization completed in 7208 ms
2026-04-03T10:08:28.073Z  INFO 1999 --- [           main] o.s.b.a.w.s.WelcomePageHandlerMapping    : Adding welcome page: class path resource [static/index.html]
2026-04-03T10:08:30.634Z  INFO 1999 --- [           main] o.s.b.a.e.web.EndpointLinksResolver      : Exposing 2 endpoints beneath base path '/actuator'
2026-04-03T10:08:30.833Z  INFO 1999 --- [           main] o.s.b.w.embedded.tomcat.TomcatWebServer  : Tomcat started on port 8081 (http) with context path '/'
2026-04-03T10:08:30.875Z  INFO 1999 --- [           main] com.raftviz.RaftViz.RaftVizApplication   : Started RaftVizApplication in 12.809 seconds (process running for 16.993)
2026-04-03T10:08:31.239Z  INFO 1999 --- [nio-8081-exec-2] o.a.c.c.C.[Tomcat].[localhost].[/]       : Initializing Spring DispatcherServlet 'dispatcherServlet'
2026-04-03T10:08:31.240Z  INFO 1999 --- [nio-8081-exec-2] o.s.web.servlet.DispatcherServlet        : Initializing Servlet 'dispatcherServlet'
2026-04-03T10:08:31.243Z  INFO 1999 --- [nio-8081-exec-2] o.s.web.servlet.DispatcherServlet        : Completed initialization in 2 ms
2026-04-03T10:16:35.284Z  INFO 1999 --- [ionShutdownHook] o.s.b.w.e.tomcat.GracefulShutdown        : Commencing graceful shutdown. Waiting for active requests to complete
2026-04-03T10:16:35.307Z  INFO 1999 --- [tomcat-shutdown] o.s.b.w.e.tomcat.GracefulShutdown        : Graceful shutdown complete
